<?xml version="1.0" encoding="UTF-8"?>
<!-- Generated by org.testng.reporters.JUnitReportReporter -->
<testsuite hostname="DESKTOP-KGG5UAU" failures="0" tests="1" name="com.Test.Test_001" time="12.343" errors="0" timestamp="2021-12-21T16:27:07 IST" skipped="0">
  <testcase classname="com.Test.Test_001" name="verifyT01" time="12.343"/>
  <system-out/>
</testsuite> <!-- com.Test.Test_001 -->
